{
  "stats": {
    "suites": 1,
    "tests": 1,
    "passes": 0,
    "pending": 0,
    "failures": 1,
    "start": "2025-07-27T19:21:38.311Z",
    "end": "2025-07-27T19:21:39.515Z",
    "duration": 1204,
    "testsRegistered": 1,
    "passPercent": 0,
    "pendingPercent": 0,
    "other": 0,
    "hasOther": false,
    "skipped": 0,
    "hasSkipped": false
  },
  "results": [
    {
      "uuid": "2118b13f-b98b-4695-b768-e6f8282cf494",
      "title": "",
      "fullFile": "cypress\\e2e\\candidates.cy.js",
      "file": "cypress\\e2e\\candidates.cy.js",
      "beforeHooks": [],
      "afterHooks": [],
      "tests": [],
      "suites": [
        {
          "uuid": "87cb7c30-5e36-4273-b616-70045994ff80",
          "title": "Candidate Management",
          "fullFile": "",
          "file": "",
          "beforeHooks": [],
          "afterHooks": [],
          "tests": [
            {
              "title": "Add New Candidate",
              "fullTitle": "Candidate Management Add New Candidate",
              "timedOut": null,
              "duration": 217,
              "state": "failed",
              "speed": null,
              "pass": false,
              "fail": true,
              "pending": false,
              "context": null,
              "code": "_CandidatesPage.default.addCandidate(\"John\", \"Doe\", \"john.doe@example.com\");\ncy.contains(\"Successfully Saved\").should(\"exist\");",
              "err": {
                "message": "TypeError: cy.login is not a function\n\nBecause this error occurred during a `before each` hook we are skipping the remaining tests in the current suite: `Candidate Management`",
                "estack": "TypeError: cy.login is not a function\n\nBecause this error occurred during a `before each` hook we are skipping the remaining tests in the current suite: `Candidate Management`\n    at Context.eval (webpack://orangehrm-cypress/./cypress/e2e/candidates.cy.js:5:7)\n    at runnable.fn (http://localhost/__cypress/runner/cypress_runner.js:141799:19)\n    at callFn (http://localhost/__cypress/runner/cypress_runner.js:160877:21)\n    at Runnable.run (http://localhost/__cypress/runner/cypress_runner.js:160864:7)\n    at <unknown> (http://localhost/__cypress/runner/cypress_runner.js:166957:30)\n    at PassThroughHandlerContext.finallyHandler (http://localhost/__cypress/runner/cypress_runner.js:4042:23)\n    at PassThroughHandlerContext.tryCatcher (http://localhost/__cypress/runner/cypress_runner.js:1777:23)\n    at Promise._settlePromiseFromHandler (http://localhost/__cypress/runner/cypress_runner.js:1489:31)\n    at Promise._settlePromise (http://localhost/__cypress/runner/cypress_runner.js:1546:18)",
                "diff": null
              },
              "uuid": "731f18c9-aaa3-425a-a28b-d24b48f48b56",
              "parentUUID": "87cb7c30-5e36-4273-b616-70045994ff80",
              "isHook": false,
              "skipped": false
            }
          ],
          "suites": [],
          "passes": [],
          "failures": [
            "731f18c9-aaa3-425a-a28b-d24b48f48b56"
          ],
          "pending": [],
          "skipped": [],
          "duration": 217,
          "root": false,
          "rootEmpty": false,
          "_timeout": 2000
        }
      ],
      "passes": [],
      "failures": [],
      "pending": [],
      "skipped": [],
      "duration": 0,
      "root": true,
      "rootEmpty": true,
      "_timeout": 2000
    }
  ],
  "meta": {
    "mocha": {
      "version": "7.2.0"
    },
    "mochawesome": {
      "options": {
        "quiet": false,
        "reportFilename": "mochawesome",
        "saveHtml": false,
        "saveJson": true,
        "consoleReporter": "spec",
        "useInlineDiffs": false,
        "code": true
      },
      "version": "7.1.3"
    },
    "marge": {
      "options": {
        "reportDir": "reports",
        "overwrite": false,
        "html": false,
        "json": true
      },
      "version": "6.2.0"
    }
  }
}