{
  "stats": {
    "suites": 1,
    "tests": 1,
    "passes": 0,
    "pending": 0,
    "failures": 1,
    "start": "2025-07-27T19:22:06.812Z",
    "end": "2025-07-27T19:22:08.181Z",
    "duration": 1369,
    "testsRegistered": 1,
    "passPercent": 0,
    "pendingPercent": 0,
    "other": 0,
    "hasOther": false,
    "skipped": 0,
    "hasSkipped": false
  },
  "results": [
    {
      "uuid": "ac24a558-1974-4138-b69b-2a3c01ff23bb",
      "title": "",
      "fullFile": "cypress\\e2e\\login.cy.js",
      "file": "cypress\\e2e\\login.cy.js",
      "beforeHooks": [],
      "afterHooks": [],
      "tests": [],
      "suites": [
        {
          "uuid": "23c706af-c429-4571-9fe1-4321c73945c1",
          "title": "Login Tests",
          "fullFile": "",
          "file": "",
          "beforeHooks": [],
          "afterHooks": [],
          "tests": [
            {
              "title": "Data-Driven Login Scenarios",
              "fullTitle": "Login Tests Data-Driven Login Scenarios",
              "timedOut": null,
              "duration": 254,
              "state": "failed",
              "speed": null,
              "pass": false,
              "fail": true,
              "pending": false,
              "context": null,
              "code": "cy.fixture(\"loginData\").then(data => {\n  data.forEach(user => {\n    _LoginPage.default.login(user.username, user.password);\n    if (user.valid) {\n      cy.url().should(\"include\", \"/dashboard\");\n    } else {\n      _LoginPage.default.elements.errorMsg().should(\"contain\", \"Invalid credentials\");\n    }\n  });\n});",
              "err": {
                "message": "CypressError: `cy.visit()` failed trying to load:\n\nhttp://localhost/orangehrm/web/index.php/auth/login\n\nThe response we received from your web server was:\n\n  > 404: Not Found\n\nThis was considered a failure because the status code was not `2xx`.\n\nIf you do not want status codes to cause failures pass the option: `failOnStatusCode: false`\n\nBecause this error occurred during a `before each` hook we are skipping the remaining tests in the current suite: `Login Tests`",
                "estack": "CypressError: `cy.visit()` failed trying to load:\n\nhttp://localhost/orangehrm/web/index.php/auth/login\n\nThe response we received from your web server was:\n\n  > 404: Not Found\n\nThis was considered a failure because the status code was not `2xx`.\n\nIf you do not want status codes to cause failures pass the option: `failOnStatusCode: false`\n\nBecause this error occurred during a `before each` hook we are skipping the remaining tests in the current suite: `Login Tests`\n    at <unknown> (http://localhost/__cypress/runner/cypress_runner.js:135043:76)\n    at visitFailedByErr (http://localhost/__cypress/runner/cypress_runner.js:134449:12)\n    at <unknown> (http://localhost/__cypress/runner/cypress_runner.js:135026:13)\n    at tryCatcher (http://localhost/__cypress/runner/cypress_runner.js:1777:23)\n    at Promise._settlePromiseFromHandler (http://localhost/__cypress/runner/cypress_runner.js:1489:31)\n    at Promise._settlePromise (http://localhost/__cypress/runner/cypress_runner.js:1546:18)\n    at Promise._settlePromise0 (http://localhost/__cypress/runner/cypress_runner.js:1591:10)\n    at Promise._settlePromises (http://localhost/__cypress/runner/cypress_runner.js:1667:18)\n    at _drainQueueStep (http://localhost/__cypress/runner/cypress_runner.js:2377:12)\n    at _drainQueue (http://localhost/__cypress/runner/cypress_runner.js:2370:9)\n    at Async._drainQueues (http://localhost/__cypress/runner/cypress_runner.js:2386:5)\n    at Async.drainQueues (http://localhost/__cypress/runner/cypress_runner.js:2256:14)\nFrom Your Spec Code:\n    at Context.eval (webpack://orangehrm-cypress/./cypress/e2e/login.cy.js:5:7)",
                "diff": null
              },
              "uuid": "a2500daf-d686-492a-8f8e-e567be909904",
              "parentUUID": "23c706af-c429-4571-9fe1-4321c73945c1",
              "isHook": false,
              "skipped": false
            }
          ],
          "suites": [],
          "passes": [],
          "failures": [
            "a2500daf-d686-492a-8f8e-e567be909904"
          ],
          "pending": [],
          "skipped": [],
          "duration": 254,
          "root": false,
          "rootEmpty": false,
          "_timeout": 2000
        }
      ],
      "passes": [],
      "failures": [],
      "pending": [],
      "skipped": [],
      "duration": 0,
      "root": true,
      "rootEmpty": true,
      "_timeout": 2000
    }
  ],
  "meta": {
    "mocha": {
      "version": "7.2.0"
    },
    "mochawesome": {
      "options": {
        "quiet": false,
        "reportFilename": "mochawesome",
        "saveHtml": false,
        "saveJson": true,
        "consoleReporter": "spec",
        "useInlineDiffs": false,
        "code": true
      },
      "version": "7.1.3"
    },
    "marge": {
      "options": {
        "reportDir": "reports",
        "overwrite": false,
        "html": false,
        "json": true
      },
      "version": "6.2.0"
    }
  }
}