{
  "stats": {
    "suites": 1,
    "tests": 1,
    "passes": 0,
    "pending": 0,
    "failures": 1,
    "start": "2025-07-27T22:47:41.302Z",
    "end": "2025-07-27T22:47:55.266Z",
    "duration": 13964,
    "testsRegistered": 1,
    "passPercent": 0,
    "pendingPercent": 0,
    "other": 0,
    "hasOther": false,
    "skipped": 0,
    "hasSkipped": false
  },
  "results": [
    {
      "uuid": "351046fa-44a1-4072-b493-425eb88b2a39",
      "title": "",
      "fullFile": "cypress\\e2e\\login.cy.js",
      "file": "cypress\\e2e\\login.cy.js",
      "beforeHooks": [],
      "afterHooks": [],
      "tests": [],
      "suites": [
        {
          "uuid": "20dc939b-6271-414b-ae55-78cc767bb444",
          "title": "Login Tests - Data-Driven",
          "fullFile": "",
          "file": "",
          "beforeHooks": [],
          "afterHooks": [],
          "tests": [
            {
              "title": "Runs login tests using multiple user credentials",
              "fullTitle": "Login Tests - Data-Driven Runs login tests using multiple user credentials",
              "timedOut": null,
              "duration": 348,
              "state": "failed",
              "speed": null,
              "pass": false,
              "fail": true,
              "pending": false,
              "context": null,
              "code": "this.users.forEach(user => {\n  cy.visit(\"/web/index.php/auth/login\");\n  // Perform login\n  _LoginPage.default.login(user.username, user.password);\n  if (user.valid) {\n    // Assert successful login\n    cy.url().should(\"include\", \"/dashboard\");\n    // Optional: Logout to reset state\n    cy.get(\".oxd-userdropdown-tab\").click();\n    cy.contains(\"Logout\").click();\n  } else {\n    // Assert error message\n    _LoginPage.default.elements.errorMsg().should(\"contain\", \"Invalid credentials\");\n  }\n});",
              "err": {
                "message": "TypeError: Cannot read properties of undefined (reading 'forEach')",
                "estack": "TypeError: Cannot read properties of undefined (reading 'forEach')\n    at Context.eval (webpack://orangehrm-cypress/./cypress/e2e/login.cy.js:9:15)\n    at runnable.fn (http://localhost/__cypress/runner/cypress_runner.js:141799:19)\n    at callFn (http://localhost/__cypress/runner/cypress_runner.js:160877:21)\n    at Runnable.run (http://localhost/__cypress/runner/cypress_runner.js:160864:7)\n    at <unknown> (http://localhost/__cypress/runner/cypress_runner.js:166957:30)\n    at PassThroughHandlerContext.finallyHandler (http://localhost/__cypress/runner/cypress_runner.js:4042:23)\n    at PassThroughHandlerContext.tryCatcher (http://localhost/__cypress/runner/cypress_runner.js:1777:23)\n    at Promise._settlePromiseFromHandler (http://localhost/__cypress/runner/cypress_runner.js:1489:31)\n    at Promise._settlePromise (http://localhost/__cypress/runner/cypress_runner.js:1546:18)",
                "diff": null
              },
              "uuid": "bb483ef8-ba95-451b-a9bb-2476dc6def71",
              "parentUUID": "20dc939b-6271-414b-ae55-78cc767bb444",
              "isHook": false,
              "skipped": false
            }
          ],
          "suites": [],
          "passes": [],
          "failures": [
            "bb483ef8-ba95-451b-a9bb-2476dc6def71"
          ],
          "pending": [],
          "skipped": [],
          "duration": 348,
          "root": false,
          "rootEmpty": false,
          "_timeout": 2000
        }
      ],
      "passes": [],
      "failures": [],
      "pending": [],
      "skipped": [],
      "duration": 0,
      "root": true,
      "rootEmpty": true,
      "_timeout": 2000
    }
  ],
  "meta": {
    "mocha": {
      "version": "7.2.0"
    },
    "mochawesome": {
      "options": {
        "quiet": false,
        "reportFilename": "mochawesome",
        "saveHtml": false,
        "saveJson": true,
        "consoleReporter": "spec",
        "useInlineDiffs": false,
        "code": true
      },
      "version": "7.1.3"
    },
    "marge": {
      "options": {
        "reportDir": "reports",
        "overwrite": false,
        "html": false,
        "json": true
      },
      "version": "6.2.0"
    }
  }
}